<?xml version="1.0" encoding="UTF-8"?>
<!-- Generated by org.testng.reporters.JUnitXMLReporter -->
<testsuite hostname="VAIO" ignored="0" name="Default test" tests="3" failures="0" timestamp="27 Jan 2017 11:56:38 GMT" time="42.946" errors="0">
  <testcase name="BeginDataFlow" time="12.772" classname="seleniumCutPiece.extent.DataProvide"/>
  <testcase name="BeginDataFlow" time="18.632" classname="seleniumCutPiece.extent.DataProvide"/>
  <testcase name="BeginDataFlow" time="11.481" classname="seleniumCutPiece.extent.DataProvide"/>
</testsuite> <!-- Default test -->
